C:\AMEY\9TH GRADE\VISUALSTUDIO12\CRYPTO1\CRYPTO1\DEBUG\CRYPTO1.PCH
C:\AMEY\9TH GRADE\VISUALSTUDIO12\CRYPTO1\CRYPTO1\DEBUG\STDAFX.OBJ
C:\AMEY\9TH GRADE\VISUALSTUDIO12\CRYPTO1\CRYPTO1\DEBUG\VC110.PDB
C:\AMEY\9TH GRADE\VISUALSTUDIO12\CRYPTO1\CRYPTO1\DEBUG\CRYPTO1.OBJ
C:\AMEY\9TH GRADE\VISUALSTUDIO12\CRYPTO1\CRYPTO1\DEBUG\OPENFILEDIALOG.OBJ
C:\AMEY\9TH GRADE\VISUALSTUDIO12\CRYPTO1\DEBUG\CRYPTO1.ILK
C:\AMEY\9TH GRADE\VISUALSTUDIO12\CRYPTO1\DEBUG\CRYPTO1.EXE
C:\AMEY\9TH GRADE\VISUALSTUDIO12\CRYPTO1\DEBUG\CRYPTO1.PDB
C:\AMEY\9TH GRADE\VISUALSTUDIO12\CRYPTO1\CRYPTO1\DEBUG\CRYPTO1.RES
C:\Amey\9th Grade\VisualStudio12\Crypto1\Crypto1\Debug\Crypto1.obj
C:\Amey\9th Grade\VisualStudio12\Crypto1\Crypto1\Debug\OpenFileDialog.obj
C:\Amey\9th Grade\VisualStudio12\Crypto1\Crypto1\Debug\stdafx.obj
C:\Amey\9th Grade\VisualStudio12\Crypto1\Crypto1\Debug\cl.command.1.tlog
C:\Amey\9th Grade\VisualStudio12\Crypto1\Crypto1\Debug\CL.read.1.tlog
C:\Amey\9th Grade\VisualStudio12\Crypto1\Crypto1\Debug\CL.write.1.tlog
C:\Amey\9th Grade\VisualStudio12\Crypto1\Crypto1\Debug\link-cvtres.read.1.tlog
C:\Amey\9th Grade\VisualStudio12\Crypto1\Crypto1\Debug\link-cvtres.write.1.tlog
C:\Amey\9th Grade\VisualStudio12\Crypto1\Crypto1\Debug\link-rc.read.1.tlog
C:\Amey\9th Grade\VisualStudio12\Crypto1\Crypto1\Debug\link-rc.write.1.tlog
C:\Amey\9th Grade\VisualStudio12\Crypto1\Crypto1\Debug\link.10348-cvtres.read.1.tlog
C:\Amey\9th Grade\VisualStudio12\Crypto1\Crypto1\Debug\link.10348-cvtres.write.1.tlog
C:\Amey\9th Grade\VisualStudio12\Crypto1\Crypto1\Debug\link.10348-rc.read.1.tlog
C:\Amey\9th Grade\VisualStudio12\Crypto1\Crypto1\Debug\link.10348-rc.write.1.tlog
C:\Amey\9th Grade\VisualStudio12\Crypto1\Crypto1\Debug\link.10348.read.1.tlog
C:\Amey\9th Grade\VisualStudio12\Crypto1\Crypto1\Debug\link.10348.write.1.tlog
C:\Amey\9th Grade\VisualStudio12\Crypto1\Crypto1\Debug\link.5000-cvtres.read.1.tlog
C:\Amey\9th Grade\VisualStudio12\Crypto1\Crypto1\Debug\link.5000-cvtres.write.1.tlog
C:\Amey\9th Grade\VisualStudio12\Crypto1\Crypto1\Debug\link.5000-rc.read.1.tlog
C:\Amey\9th Grade\VisualStudio12\Crypto1\Crypto1\Debug\link.5000-rc.write.1.tlog
C:\Amey\9th Grade\VisualStudio12\Crypto1\Crypto1\Debug\link.5000.read.1.tlog
C:\Amey\9th Grade\VisualStudio12\Crypto1\Crypto1\Debug\link.5000.write.1.tlog
C:\Amey\9th Grade\VisualStudio12\Crypto1\Crypto1\Debug\link.9676-cvtres.read.1.tlog
C:\Amey\9th Grade\VisualStudio12\Crypto1\Crypto1\Debug\link.9676-cvtres.write.1.tlog
C:\Amey\9th Grade\VisualStudio12\Crypto1\Crypto1\Debug\link.9676-rc.read.1.tlog
C:\Amey\9th Grade\VisualStudio12\Crypto1\Crypto1\Debug\link.9676-rc.write.1.tlog
C:\Amey\9th Grade\VisualStudio12\Crypto1\Crypto1\Debug\link.9676.read.1.tlog
C:\Amey\9th Grade\VisualStudio12\Crypto1\Crypto1\Debug\link.9676.write.1.tlog
C:\Amey\9th Grade\VisualStudio12\Crypto1\Crypto1\Debug\link.command.1.tlog
C:\Amey\9th Grade\VisualStudio12\Crypto1\Crypto1\Debug\link.read.1.tlog
C:\Amey\9th Grade\VisualStudio12\Crypto1\Crypto1\Debug\link.write.1.tlog
C:\Amey\9th Grade\VisualStudio12\Crypto1\Crypto1\Debug\rc.command.1.tlog
C:\Amey\9th Grade\VisualStudio12\Crypto1\Crypto1\Debug\rc.read.1.tlog
C:\Amey\9th Grade\VisualStudio12\Crypto1\Crypto1\Debug\rc.write.1.tlog
C:\Amey\9th Grade\VisualStudio12\Crypto1\Crypto1\Debug\Crypto1.res
C:\Amey\9th Grade\VisualStudio12\Crypto1\Crypto1\Debug\Crypto1.pch
C:\Amey\9th Grade\VisualStudio12\Crypto1\Crypto1\Debug\vc110.idb
C:\Amey\9th Grade\VisualStudio12\Crypto1\Crypto1\Debug\vc110.pdb
C:\Amey\9th Grade\VisualStudio12\Crypto1\Debug\Crypto1.pdb
C:\Amey\9th Grade\VisualStudio12\Crypto1\Debug\Crypto1.exe
C:\Amey\9th Grade\VisualStudio12\Crypto1\Debug\Crypto1.ilk
